This file contains any messages produced by compilers while
running configure, to aid debugging if configure makes a mistake.

It was created by tk configure 8.5, which was
generated by GNU Autoconf 2.69.  Invocation command line was

  $ ./configure --enable-gcc --disable-shared --disable-xft --disable-xss --prefix=/home/yeaseen/ns-allinone-2.35

## --------- ##
## Platform. ##
## --------- ##

hostname = yeaseen-GL552JX
uname -m = x86_64
uname -r = 4.4.0-116-generic
uname -s = Linux
uname -v = #140-Ubuntu SMP Mon Feb 12 21:23:04 UTC 2018

/usr/bin/uname -p = unknown
/bin/uname -X     = unknown

/bin/arch              = unknown
/usr/bin/arch -k       = unknown
/usr/convex/getsysinfo = unknown
/usr/bin/hostinfo      = unknown
/bin/machine           = unknown
/usr/bin/oslevel       = unknown
/bin/universe          = unknown

PATH: /home/yeaseen/ns-allinone-2.35/bin
PATH: /home/yeaseen/bin
PATH: /usr/local/sbin
PATH: /usr/local/bin
PATH: /usr/sbin
PATH: /usr/bin
PATH: /sbin
PATH: /bin
PATH: /usr/games
PATH: /usr/local/games
PATH: /snap/bin


## ----------- ##
## Core tests. ##
## ----------- ##

configure:2318: checking for Tcl configuration
configure:2418: result: found /home/yeaseen/ns-allinone-2.35/tcl8.5.10/unix/tclConfig.sh
configure:2424: checking for existence of /home/yeaseen/ns-allinone-2.35/tcl8.5.10/unix/tclConfig.sh
configure:2428: result: loading
configure:2494: checking for tclsh
configure:2518: result: /home/yeaseen/ns-allinone-2.35/bin/tclsh8.5
configure:2529: checking for tclsh in Tcl build directory
configure:2532: result: /home/yeaseen/ns-allinone-2.35/tcl8.5.10/unix/tclsh
configure:2562: checking whether to use symlinks for manpages
configure:2571: result: no
configure:2574: checking whether to compress the manpages
configure:2587: result: no
configure:2601: checking whether to add a package name suffix for the manpages
configure:2614: result: no
configure:2678: checking for gcc
configure:2694: found /usr/bin/gcc
configure:2705: result: gcc
configure:2934: checking for C compiler version
configure:2943: gcc --version >&5
gcc (Ubuntu 5.4.0-6ubuntu1~16.04.9) 5.4.0 20160609
Copyright (C) 2015 Free Software Foundation, Inc.
This is free software; see the source for copying conditions.  There is NO
warranty; not even for MERCHANTABILITY or FITNESS FOR A PARTICULAR PURPOSE.

configure:2954: $? = 0
configure:2943: gcc -v >&5
Using built-in specs.
COLLECT_GCC=gcc
COLLECT_LTO_WRAPPER=/usr/lib/gcc/x86_64-linux-gnu/5/lto-wrapper
Target: x86_64-linux-gnu
Configured with: ../src/configure -v --with-pkgversion='Ubuntu 5.4.0-6ubuntu1~16.04.9' --with-bugurl=file:///usr/share/doc/gcc-5/README.Bugs --enable-languages=c,ada,c++,java,go,d,fortran,objc,obj-c++ --prefix=/usr --program-suffix=-5 --enable-shared --enable-linker-build-id --libexecdir=/usr/lib --without-included-gettext --enable-threads=posix --libdir=/usr/lib --enable-nls --with-sysroot=/ --enable-clocale=gnu --enable-libstdcxx-debug --enable-libstdcxx-time=yes --with-default-libstdcxx-abi=new --enable-gnu-unique-object --disable-vtable-verify --enable-libmpx --enable-plugin --with-system-zlib --disable-browser-plugin --enable-java-awt=gtk --enable-gtk-cairo --with-java-home=/usr/lib/jvm/java-1.5.0-gcj-5-amd64/jre --enable-java-home --with-jvm-root-dir=/usr/lib/jvm/java-1.5.0-gcj-5-amd64 --with-jvm-jar-dir=/usr/lib/jvm-exports/java-1.5.0-gcj-5-amd64 --with-arch-directory=amd64 --with-ecj-jar=/usr/share/java/eclipse-ecj.jar --enable-objc-gc --enable-multiarch --disable-werror --with-arch-32=i686 --with-abi=m64 --with-multilib-list=m32,m64,mx32 --enable-multilib --with-tune=generic --enable-checking=release --build=x86_64-linux-gnu --host=x86_64-linux-gnu --target=x86_64-linux-gnu
Thread model: posix
gcc version 5.4.0 20160609 (Ubuntu 5.4.0-6ubuntu1~16.04.9) 
configure:2954: $? = 0
configure:2943: gcc -V >&5
gcc: error: unrecognized command line option '-V'
gcc: fatal error: no input files
compilation terminated.
configure:2954: $? = 1
configure:2943: gcc -qversion >&5
gcc: error: unrecognized command line option '-qversion'
gcc: fatal error: no input files
compilation terminated.
configure:2954: $? = 1
configure:2974: checking whether the C compiler works
configure:2996: gcc    conftest.c  >&5
configure:3000: $? = 0
configure:3048: result: yes
configure:3051: checking for C compiler default output file name
configure:3053: result: a.out
configure:3059: checking for suffix of executables
configure:3066: gcc -o conftest    conftest.c  >&5
configure:3070: $? = 0
configure:3092: result: 
configure:3114: checking whether we are cross compiling
configure:3122: gcc -o conftest    conftest.c  >&5
configure:3126: $? = 0
configure:3133: ./conftest
configure:3137: $? = 0
configure:3152: result: no
configure:3157: checking for suffix of object files
configure:3179: gcc -c   conftest.c >&5
configure:3183: $? = 0
configure:3204: result: o
configure:3208: checking whether we are using the GNU C compiler
configure:3227: gcc -c   conftest.c >&5
configure:3227: $? = 0
configure:3236: result: yes
configure:3245: checking whether gcc accepts -g
configure:3265: gcc -c -g  conftest.c >&5
configure:3265: $? = 0
configure:3306: result: yes
configure:3323: checking for gcc option to accept ISO C89
configure:3386: gcc  -c   conftest.c >&5
configure:3386: $? = 0
configure:3399: result: none needed
configure:3428: checking how to run the C preprocessor
configure:3459: gcc -E  conftest.c
configure:3459: $? = 0
configure:3473: gcc -E  conftest.c
conftest.c:9:28: fatal error: ac_nonexistent.h: No such file or directory
compilation terminated.
configure:3473: $? = 1
configure: failed program was:
| /* confdefs.h */
| #define PACKAGE_NAME "tk"
| #define PACKAGE_TARNAME "tk"
| #define PACKAGE_VERSION "8.5"
| #define PACKAGE_STRING "tk 8.5"
| #define PACKAGE_BUGREPORT ""
| #define PACKAGE_URL ""
| /* end confdefs.h.  */
| #include <ac_nonexistent.h>
configure:3498: result: gcc -E
configure:3518: gcc -E  conftest.c
configure:3518: $? = 0
configure:3532: gcc -E  conftest.c
conftest.c:9:28: fatal error: ac_nonexistent.h: No such file or directory
compilation terminated.
configure:3532: $? = 1
configure: failed program was:
| /* confdefs.h */
| #define PACKAGE_NAME "tk"
| #define PACKAGE_TARNAME "tk"
| #define PACKAGE_VERSION "8.5"
| #define PACKAGE_STRING "tk 8.5"
| #define PACKAGE_BUGREPORT ""
| #define PACKAGE_URL ""
| /* end confdefs.h.  */
| #include <ac_nonexistent.h>
configure:3561: checking for grep that handles long lines and -e
configure:3619: result: /bin/grep
configure:3624: checking for egrep
configure:3686: result: /bin/grep -E
configure:3691: checking for ANSI C header files
configure:3711: gcc -c   conftest.c >&5
configure:3711: $? = 0
configure:3784: gcc -o conftest    conftest.c  >&5
configure:3784: $? = 0
configure:3784: ./conftest
configure:3784: $? = 0
configure:3795: result: yes
configure:3808: checking for sys/types.h
configure:3808: gcc -c   conftest.c >&5
configure:3808: $? = 0
configure:3808: result: yes
configure:3808: checking for sys/stat.h
configure:3808: gcc -c   conftest.c >&5
configure:3808: $? = 0
configure:3808: result: yes
configure:3808: checking for stdlib.h
configure:3808: gcc -c   conftest.c >&5
configure:3808: $? = 0
configure:3808: result: yes
configure:3808: checking for string.h
configure:3808: gcc -c   conftest.c >&5
configure:3808: $? = 0
configure:3808: result: yes
configure:3808: checking for memory.h
configure:3808: gcc -c   conftest.c >&5
configure:3808: $? = 0
configure:3808: result: yes
configure:3808: checking for strings.h
configure:3808: gcc -c   conftest.c >&5
configure:3808: $? = 0
configure:3808: result: yes
configure:3808: checking for inttypes.h
configure:3808: gcc -c   conftest.c >&5
configure:3808: $? = 0
configure:3808: result: yes
configure:3808: checking for stdint.h
configure:3808: gcc -c   conftest.c >&5
configure:3808: $? = 0
configure:3808: result: yes
configure:3808: checking for unistd.h
configure:3808: gcc -c   conftest.c >&5
configure:3808: $? = 0
configure:3808: result: yes
configure:3820: checking limits.h usability
configure:3820: gcc -c   conftest.c >&5
configure:3820: $? = 0
configure:3820: result: yes
configure:3820: checking limits.h presence
configure:3820: gcc -E  conftest.c
configure:3820: $? = 0
configure:3820: result: yes
configure:3820: checking for limits.h
configure:3820: result: yes
configure:3838: checking for stdlib.h
configure:3838: result: yes
configure:3897: checking if the compiler understands -pipe
configure:3915: gcc -c  -pipe  conftest.c >&5
configure:3915: $? = 0
configure:3923: result: yes
configure:4318: checking for building with threads
configure:4332: result: no (default)
configure:4343: checking how to build libraries
configure:4365: result: static
configure:4423: checking for ranlib
configure:4439: found /usr/bin/ranlib
configure:4450: result: ranlib
configure:4476: checking if 64bit support is requested
configure:4485: result: no
configure:4490: checking if 64bit Sparc VIS support is requested
configure:4499: result: no
configure:4509: checking if compiler supports visibility "hidden"
configure:4529: gcc -o conftest  -pipe -Werror   conftest.c  >&5
configure:4529: $? = 0
configure:4538: result: yes
configure:4550: checking if rpath support is requested
configure:4559: result: yes
configure:4566: checking system version
configure:4594: result: Linux-4.4.0-116-generic
configure:4602: checking for dlopen in -ldl
configure:4627: gcc -o conftest  -pipe   conftest.c -ldl   >&5
configure:4627: $? = 0
configure:4636: result: yes
configure:4718: checking for ar
configure:4734: found /usr/bin/ar
configure:4745: result: ar
configure:6440: checking for build with symbols
configure:6454: result: no
configure:6498: checking for required early compiler flags
configure:6516: gcc -c  -pipe  conftest.c >&5
configure:6516: $? = 0
configure:6563: gcc -c  -pipe  conftest.c >&5
conftest.c: In function 'main':
conftest.c:29:15: error: storage size of 'buf' isn't known
 struct stat64 buf; int i = stat64("/", &buf);
               ^
conftest.c:29:28: warning: implicit declaration of function 'stat64' [-Wimplicit-function-declaration]
 struct stat64 buf; int i = stat64("/", &buf);
                            ^
configure:6563: $? = 1
configure: failed program was:
| /* confdefs.h */
| #define PACKAGE_NAME "tk"
| #define PACKAGE_TARNAME "tk"
| #define PACKAGE_VERSION "8.5"
| #define PACKAGE_STRING "tk 8.5"
| #define PACKAGE_BUGREPORT ""
| #define PACKAGE_URL ""
| #define STDC_HEADERS 1
| #define HAVE_SYS_TYPES_H 1
| #define HAVE_SYS_STAT_H 1
| #define HAVE_STDLIB_H 1
| #define HAVE_STRING_H 1
| #define HAVE_MEMORY_H 1
| #define HAVE_STRINGS_H 1
| #define HAVE_INTTYPES_H 1
| #define HAVE_STDINT_H 1
| #define HAVE_UNISTD_H 1
| #define HAVE_LIMITS_H 1
| #define STATIC_BUILD 1
| #define MODULE_SCOPE extern __attribute__((__visibility__("hidden")))
| #define TCL_SHLIB_EXT ".so"
| #define TCL_CFG_OPTIMIZED 1
| #define TCL_CFG_DEBUG 1
| /* end confdefs.h.  */
| #include <sys/stat.h>
| int
| main ()
| {
| struct stat64 buf; int i = stat64("/", &buf);
|   ;
|   return 0;
| }
configure:6578: gcc -c  -pipe  conftest.c >&5
configure:6578: $? = 0
configure:6610: gcc -c  -pipe  conftest.c >&5
conftest.c: In function 'main':
conftest.c:30:19: error: 'open64' undeclared (first use in this function)
 char *p = (char *)open64;
                   ^
conftest.c:30:19: note: each undeclared identifier is reported only once for each function it appears in
configure:6610: $? = 1
configure: failed program was:
| /* confdefs.h */
| #define PACKAGE_NAME "tk"
| #define PACKAGE_TARNAME "tk"
| #define PACKAGE_VERSION "8.5"
| #define PACKAGE_STRING "tk 8.5"
| #define PACKAGE_BUGREPORT ""
| #define PACKAGE_URL ""
| #define STDC_HEADERS 1
| #define HAVE_SYS_TYPES_H 1
| #define HAVE_SYS_STAT_H 1
| #define HAVE_STDLIB_H 1
| #define HAVE_STRING_H 1
| #define HAVE_MEMORY_H 1
| #define HAVE_STRINGS_H 1
| #define HAVE_INTTYPES_H 1
| #define HAVE_STDINT_H 1
| #define HAVE_UNISTD_H 1
| #define HAVE_LIMITS_H 1
| #define STATIC_BUILD 1
| #define MODULE_SCOPE extern __attribute__((__visibility__("hidden")))
| #define TCL_SHLIB_EXT ".so"
| #define TCL_CFG_OPTIMIZED 1
| #define TCL_CFG_DEBUG 1
| #define _LARGEFILE64_SOURCE 1
| /* end confdefs.h.  */
| #include <sys/stat.h>
| int
| main ()
| {
| char *p = (char *)open64;
|   ;
|   return 0;
| }
configure:6625: gcc -c  -pipe  conftest.c >&5
conftest.c: In function 'main':
conftest.c:31:19: error: 'open64' undeclared (first use in this function)
 char *p = (char *)open64;
                   ^
conftest.c:31:19: note: each undeclared identifier is reported only once for each function it appears in
configure:6625: $? = 1
configure: failed program was:
| /* confdefs.h */
| #define PACKAGE_NAME "tk"
| #define PACKAGE_TARNAME "tk"
| #define PACKAGE_VERSION "8.5"
| #define PACKAGE_STRING "tk 8.5"
| #define PACKAGE_BUGREPORT ""
| #define PACKAGE_URL ""
| #define STDC_HEADERS 1
| #define HAVE_SYS_TYPES_H 1
| #define HAVE_SYS_STAT_H 1
| #define HAVE_STDLIB_H 1
| #define HAVE_STRING_H 1
| #define HAVE_MEMORY_H 1
| #define HAVE_STRINGS_H 1
| #define HAVE_INTTYPES_H 1
| #define HAVE_STDINT_H 1
| #define HAVE_UNISTD_H 1
| #define HAVE_LIMITS_H 1
| #define STATIC_BUILD 1
| #define MODULE_SCOPE extern __attribute__((__visibility__("hidden")))
| #define TCL_SHLIB_EXT ".so"
| #define TCL_CFG_OPTIMIZED 1
| #define TCL_CFG_DEBUG 1
| #define _LARGEFILE64_SOURCE 1
| /* end confdefs.h.  */
| #define _LARGEFILE_SOURCE64 1
| #include <sys/stat.h>
| int
| main ()
| {
| char *p = (char *)open64;
|   ;
|   return 0;
| }
configure:6646: result:  _LARGEFILE64_SOURCE
configure:6652: checking for 64-bit integer type
configure:6671: gcc -c  -pipe  conftest.c >&5
conftest.c: In function 'main':
conftest.c:30:1: error: unknown type name '__int64'
 __int64 value = (__int64) 0;
 ^
conftest.c:30:18: error: '__int64' undeclared (first use in this function)
 __int64 value = (__int64) 0;
                  ^
conftest.c:30:18: note: each undeclared identifier is reported only once for each function it appears in
conftest.c:30:27: error: expected ',' or ';' before numeric constant
 __int64 value = (__int64) 0;
                           ^
configure:6671: $? = 1
configure: failed program was:
| /* confdefs.h */
| #define PACKAGE_NAME "tk"
| #define PACKAGE_TARNAME "tk"
| #define PACKAGE_VERSION "8.5"
| #define PACKAGE_STRING "tk 8.5"
| #define PACKAGE_BUGREPORT ""
| #define PACKAGE_URL ""
| #define STDC_HEADERS 1
| #define HAVE_SYS_TYPES_H 1
| #define HAVE_SYS_STAT_H 1
| #define HAVE_STDLIB_H 1
| #define HAVE_STRING_H 1
| #define HAVE_MEMORY_H 1
| #define HAVE_STRINGS_H 1
| #define HAVE_INTTYPES_H 1
| #define HAVE_STDINT_H 1
| #define HAVE_UNISTD_H 1
| #define HAVE_LIMITS_H 1
| #define STATIC_BUILD 1
| #define MODULE_SCOPE extern __attribute__((__visibility__("hidden")))
| #define TCL_SHLIB_EXT ".so"
| #define TCL_CFG_OPTIMIZED 1
| #define TCL_CFG_DEBUG 1
| #define _LARGEFILE64_SOURCE 1
| /* end confdefs.h.  */
| 
| int
| main ()
| {
| __int64 value = (__int64) 0;
|   ;
|   return 0;
| }
configure:6693: gcc -c  -pipe  conftest.c >&5
conftest.c: In function 'main':
conftest.c:31:21: error: duplicate case value
             case 1: case (sizeof(long long)==sizeof(long)): ;
                     ^
conftest.c:31:13: error: previously used here
             case 1: case (sizeof(long long)==sizeof(long)): ;
             ^
configure:6693: $? = 1
configure: failed program was:
| /* confdefs.h */
| #define PACKAGE_NAME "tk"
| #define PACKAGE_TARNAME "tk"
| #define PACKAGE_VERSION "8.5"
| #define PACKAGE_STRING "tk 8.5"
| #define PACKAGE_BUGREPORT ""
| #define PACKAGE_URL ""
| #define STDC_HEADERS 1
| #define HAVE_SYS_TYPES_H 1
| #define HAVE_SYS_STAT_H 1
| #define HAVE_STDLIB_H 1
| #define HAVE_STRING_H 1
| #define HAVE_MEMORY_H 1
| #define HAVE_STRINGS_H 1
| #define HAVE_INTTYPES_H 1
| #define HAVE_STDINT_H 1
| #define HAVE_UNISTD_H 1
| #define HAVE_LIMITS_H 1
| #define STATIC_BUILD 1
| #define MODULE_SCOPE extern __attribute__((__visibility__("hidden")))
| #define TCL_SHLIB_EXT ".so"
| #define TCL_CFG_OPTIMIZED 1
| #define TCL_CFG_DEBUG 1
| #define _LARGEFILE64_SOURCE 1
| /* end confdefs.h.  */
| 
| int
| main ()
| {
| switch (0) {
|             case 1: case (sizeof(long long)==sizeof(long)): ;
|         }
|   ;
|   return 0;
| }
configure:6703: result: using long
configure:6838: checking whether byte ordering is bigendian
configure:6853: gcc -c  -pipe  conftest.c >&5
conftest.c:28:9: error: unknown type name 'not'
         not a universal capable compiler
         ^
conftest.c:28:15: error: expected '=', ',', ';', 'asm' or '__attribute__' before 'universal'
         not a universal capable compiler
               ^
conftest.c:28:15: error: unknown type name 'universal'
configure:6853: $? = 1
configure: failed program was:
| /* confdefs.h */
| #define PACKAGE_NAME "tk"
| #define PACKAGE_TARNAME "tk"
| #define PACKAGE_VERSION "8.5"
| #define PACKAGE_STRING "tk 8.5"
| #define PACKAGE_BUGREPORT ""
| #define PACKAGE_URL ""
| #define STDC_HEADERS 1
| #define HAVE_SYS_TYPES_H 1
| #define HAVE_SYS_STAT_H 1
| #define HAVE_STDLIB_H 1
| #define HAVE_STRING_H 1
| #define HAVE_MEMORY_H 1
| #define HAVE_STRINGS_H 1
| #define HAVE_INTTYPES_H 1
| #define HAVE_STDINT_H 1
| #define HAVE_UNISTD_H 1
| #define HAVE_LIMITS_H 1
| #define STATIC_BUILD 1
| #define MODULE_SCOPE extern __attribute__((__visibility__("hidden")))
| #define TCL_SHLIB_EXT ".so"
| #define TCL_CFG_OPTIMIZED 1
| #define TCL_CFG_DEBUG 1
| #define _LARGEFILE64_SOURCE 1
| #define TCL_WIDE_INT_IS_LONG 1
| /* end confdefs.h.  */
| #ifndef __APPLE_CC__
| 	       not a universal capable compiler
| 	     #endif
| 	     typedef int dummy;
| 
configure:6898: gcc -c  -pipe  conftest.c >&5
configure:6898: $? = 0
configure:6916: gcc -c  -pipe  conftest.c >&5
conftest.c: In function 'main':
conftest.c:34:4: error: unknown type name 'not'
    not big endian
    ^
conftest.c:34:12: error: expected '=', ',', ';', 'asm' or '__attribute__' before 'endian'
    not big endian
            ^
configure:6916: $? = 1
configure: failed program was:
| /* confdefs.h */
| #define PACKAGE_NAME "tk"
| #define PACKAGE_TARNAME "tk"
| #define PACKAGE_VERSION "8.5"
| #define PACKAGE_STRING "tk 8.5"
| #define PACKAGE_BUGREPORT ""
| #define PACKAGE_URL ""
| #define STDC_HEADERS 1
| #define HAVE_SYS_TYPES_H 1
| #define HAVE_SYS_STAT_H 1
| #define HAVE_STDLIB_H 1
| #define HAVE_STRING_H 1
| #define HAVE_MEMORY_H 1
| #define HAVE_STRINGS_H 1
| #define HAVE_INTTYPES_H 1
| #define HAVE_STDINT_H 1
| #define HAVE_UNISTD_H 1
| #define HAVE_LIMITS_H 1
| #define STATIC_BUILD 1
| #define MODULE_SCOPE extern __attribute__((__visibility__("hidden")))
| #define TCL_SHLIB_EXT ".so"
| #define TCL_CFG_OPTIMIZED 1
| #define TCL_CFG_DEBUG 1
| #define _LARGEFILE64_SOURCE 1
| #define TCL_WIDE_INT_IS_LONG 1
| /* end confdefs.h.  */
| #include <sys/types.h>
| 		#include <sys/param.h>
| 
| int
| main ()
| {
| #if BYTE_ORDER != BIG_ENDIAN
| 		 not big endian
| 		#endif
| 
|   ;
|   return 0;
| }
configure:7044: result: no
configure:7093: checking for fd_set in sys/types
configure:7110: gcc -c  -pipe  conftest.c >&5
configure:7110: $? = 0
configure:7117: result: yes
configure:7162: checking sys/time.h usability
configure:7162: gcc -c  -pipe  conftest.c >&5
configure:7162: $? = 0
configure:7162: result: yes
configure:7162: checking sys/time.h presence
configure:7162: gcc -E  conftest.c
configure:7162: $? = 0
configure:7162: result: yes
configure:7162: checking for sys/time.h
configure:7162: result: yes
configure:7172: checking whether time.h and sys/time.h may both be included
configure:7192: gcc -c  -pipe  conftest.c >&5
configure:7192: $? = 0
configure:7199: result: yes
configure:7216: checking for strtod
configure:7216: gcc -o conftest  -pipe   -Wl,--export-dynamic  conftest.c  >&5
configure:7216: $? = 0
configure:7216: result: yes
configure:7224: checking for Solaris2.4/Tru64 strtod bugs
configure:7256: gcc -o conftest  -pipe   -Wl,--export-dynamic  conftest.c  >&5
conftest.c: In function 'main':
conftest.c:37:4: warning: implicit declaration of function 'exit' [-Wimplicit-function-declaration]
    exit(1);
    ^
conftest.c:37:4: warning: incompatible implicit declaration of built-in function 'exit'
conftest.c:37:4: note: include '<stdlib.h>' or provide a declaration of 'exit'
conftest.c:41:4: warning: incompatible implicit declaration of built-in function 'exit'
    exit(1);
    ^
conftest.c:41:4: note: include '<stdlib.h>' or provide a declaration of 'exit'
conftest.c:45:4: warning: incompatible implicit declaration of built-in function 'exit'
    exit(1);
    ^
conftest.c:45:4: note: include '<stdlib.h>' or provide a declaration of 'exit'
conftest.c:47:7: warning: incompatible implicit declaration of built-in function 'exit'
       exit(0);
       ^
conftest.c:47:7: note: include '<stdlib.h>' or provide a declaration of 'exit'
configure:7256: $? = 0
configure:7256: ./conftest
configure:7256: $? = 0
configure:7266: result: ok
configure:7288: checking for mode_t
configure:7288: gcc -c  -pipe  conftest.c >&5
configure:7288: $? = 0
configure:7288: gcc -c  -pipe  conftest.c >&5
conftest.c: In function 'main':
conftest.c:65:21: error: expected expression before ')' token
 if (sizeof ((mode_t)))
                     ^
configure:7288: $? = 1
configure: failed program was:
| /* confdefs.h */
| #define PACKAGE_NAME "tk"
| #define PACKAGE_TARNAME "tk"
| #define PACKAGE_VERSION "8.5"
| #define PACKAGE_STRING "tk 8.5"
| #define PACKAGE_BUGREPORT ""
| #define PACKAGE_URL ""
| #define STDC_HEADERS 1
| #define HAVE_SYS_TYPES_H 1
| #define HAVE_SYS_STAT_H 1
| #define HAVE_STDLIB_H 1
| #define HAVE_STRING_H 1
| #define HAVE_MEMORY_H 1
| #define HAVE_STRINGS_H 1
| #define HAVE_INTTYPES_H 1
| #define HAVE_STDINT_H 1
| #define HAVE_UNISTD_H 1
| #define HAVE_LIMITS_H 1
| #define STATIC_BUILD 1
| #define MODULE_SCOPE extern __attribute__((__visibility__("hidden")))
| #define TCL_SHLIB_EXT ".so"
| #define TCL_CFG_OPTIMIZED 1
| #define TCL_CFG_DEBUG 1
| #define _LARGEFILE64_SOURCE 1
| #define TCL_WIDE_INT_IS_LONG 1
| #define HAVE_SYS_TIME_H 1
| #define TIME_WITH_SYS_TIME 1
| /* end confdefs.h.  */
| #include <stdio.h>
| #ifdef HAVE_SYS_TYPES_H
| # include <sys/types.h>
| #endif
| #ifdef HAVE_SYS_STAT_H
| # include <sys/stat.h>
| #endif
| #ifdef STDC_HEADERS
| # include <stdlib.h>
| # include <stddef.h>
| #else
| # ifdef HAVE_STDLIB_H
| #  include <stdlib.h>
| # endif
| #endif
| #ifdef HAVE_STRING_H
| # if !defined STDC_HEADERS && defined HAVE_MEMORY_H
| #  include <memory.h>
| # endif
| # include <string.h>
| #endif
| #ifdef HAVE_STRINGS_H
| # include <strings.h>
| #endif
| #ifdef HAVE_INTTYPES_H
| # include <inttypes.h>
| #endif
| #ifdef HAVE_STDINT_H
| # include <stdint.h>
| #endif
| #ifdef HAVE_UNISTD_H
| # include <unistd.h>
| #endif
| int
| main ()
| {
| if (sizeof ((mode_t)))
| 	    return 0;
|   ;
|   return 0;
| }
configure:7288: result: yes
configure:7299: checking for pid_t
configure:7299: gcc -c  -pipe  conftest.c >&5
configure:7299: $? = 0
configure:7299: gcc -c  -pipe  conftest.c >&5
conftest.c: In function 'main':
conftest.c:65:20: error: expected expression before ')' token
 if (sizeof ((pid_t)))
                    ^
configure:7299: $? = 1
configure: failed program was:
| /* confdefs.h */
| #define PACKAGE_NAME "tk"
| #define PACKAGE_TARNAME "tk"
| #define PACKAGE_VERSION "8.5"
| #define PACKAGE_STRING "tk 8.5"
| #define PACKAGE_BUGREPORT ""
| #define PACKAGE_URL ""
| #define STDC_HEADERS 1
| #define HAVE_SYS_TYPES_H 1
| #define HAVE_SYS_STAT_H 1
| #define HAVE_STDLIB_H 1
| #define HAVE_STRING_H 1
| #define HAVE_MEMORY_H 1
| #define HAVE_STRINGS_H 1
| #define HAVE_INTTYPES_H 1
| #define HAVE_STDINT_H 1
| #define HAVE_UNISTD_H 1
| #define HAVE_LIMITS_H 1
| #define STATIC_BUILD 1
| #define MODULE_SCOPE extern __attribute__((__visibility__("hidden")))
| #define TCL_SHLIB_EXT ".so"
| #define TCL_CFG_OPTIMIZED 1
| #define TCL_CFG_DEBUG 1
| #define _LARGEFILE64_SOURCE 1
| #define TCL_WIDE_INT_IS_LONG 1
| #define HAVE_SYS_TIME_H 1
| #define TIME_WITH_SYS_TIME 1
| /* end confdefs.h.  */
| #include <stdio.h>
| #ifdef HAVE_SYS_TYPES_H
| # include <sys/types.h>
| #endif
| #ifdef HAVE_SYS_STAT_H
| # include <sys/stat.h>
| #endif
| #ifdef STDC_HEADERS
| # include <stdlib.h>
| # include <stddef.h>
| #else
| # ifdef HAVE_STDLIB_H
| #  include <stdlib.h>
| # endif
| #endif
| #ifdef HAVE_STRING_H
| # if !defined STDC_HEADERS && defined HAVE_MEMORY_H
| #  include <memory.h>
| # endif
| # include <string.h>
| #endif
| #ifdef HAVE_STRINGS_H
| # include <strings.h>
| #endif
| #ifdef HAVE_INTTYPES_H
| # include <inttypes.h>
| #endif
| #ifdef HAVE_STDINT_H
| # include <stdint.h>
| #endif
| #ifdef HAVE_UNISTD_H
| # include <unistd.h>
| #endif
| int
| main ()
| {
| if (sizeof ((pid_t)))
| 	    return 0;
|   ;
|   return 0;
| }
configure:7299: result: yes
configure:7310: checking for size_t
configure:7310: gcc -c  -pipe  conftest.c >&5
configure:7310: $? = 0
configure:7310: gcc -c  -pipe  conftest.c >&5
conftest.c: In function 'main':
conftest.c:65:21: error: expected expression before ')' token
 if (sizeof ((size_t)))
                     ^
configure:7310: $? = 1
configure: failed program was:
| /* confdefs.h */
| #define PACKAGE_NAME "tk"
| #define PACKAGE_TARNAME "tk"
| #define PACKAGE_VERSION "8.5"
| #define PACKAGE_STRING "tk 8.5"
| #define PACKAGE_BUGREPORT ""
| #define PACKAGE_URL ""
| #define STDC_HEADERS 1
| #define HAVE_SYS_TYPES_H 1
| #define HAVE_SYS_STAT_H 1
| #define HAVE_STDLIB_H 1
| #define HAVE_STRING_H 1
| #define HAVE_MEMORY_H 1
| #define HAVE_STRINGS_H 1
| #define HAVE_INTTYPES_H 1
| #define HAVE_STDINT_H 1
| #define HAVE_UNISTD_H 1
| #define HAVE_LIMITS_H 1
| #define STATIC_BUILD 1
| #define MODULE_SCOPE extern __attribute__((__visibility__("hidden")))
| #define TCL_SHLIB_EXT ".so"
| #define TCL_CFG_OPTIMIZED 1
| #define TCL_CFG_DEBUG 1
| #define _LARGEFILE64_SOURCE 1
| #define TCL_WIDE_INT_IS_LONG 1
| #define HAVE_SYS_TIME_H 1
| #define TIME_WITH_SYS_TIME 1
| /* end confdefs.h.  */
| #include <stdio.h>
| #ifdef HAVE_SYS_TYPES_H
| # include <sys/types.h>
| #endif
| #ifdef HAVE_SYS_STAT_H
| # include <sys/stat.h>
| #endif
| #ifdef STDC_HEADERS
| # include <stdlib.h>
| # include <stddef.h>
| #else
| # ifdef HAVE_STDLIB_H
| #  include <stdlib.h>
| # endif
| #endif
| #ifdef HAVE_STRING_H
| # if !defined STDC_HEADERS && defined HAVE_MEMORY_H
| #  include <memory.h>
| # endif
| # include <string.h>
| #endif
| #ifdef HAVE_STRINGS_H
| # include <strings.h>
| #endif
| #ifdef HAVE_INTTYPES_H
| # include <inttypes.h>
| #endif
| #ifdef HAVE_STDINT_H
| # include <stdint.h>
| #endif
| #ifdef HAVE_UNISTD_H
| # include <unistd.h>
| #endif
| int
| main ()
| {
| if (sizeof ((size_t)))
| 	    return 0;
|   ;
|   return 0;
| }
configure:7310: result: yes
configure:7321: checking for uid_t in sys/types.h
configure:7340: result: yes
configure:7352: checking for intptr_t
configure:7352: gcc -c  -pipe  conftest.c >&5
configure:7352: $? = 0
configure:7352: gcc -c  -pipe  conftest.c >&5
conftest.c: In function 'main':
conftest.c:65:23: error: expected expression before ')' token
 if (sizeof ((intptr_t)))
                       ^
configure:7352: $? = 1
configure: failed program was:
| /* confdefs.h */
| #define PACKAGE_NAME "tk"
| #define PACKAGE_TARNAME "tk"
| #define PACKAGE_VERSION "8.5"
| #define PACKAGE_STRING "tk 8.5"
| #define PACKAGE_BUGREPORT ""
| #define PACKAGE_URL ""
| #define STDC_HEADERS 1
| #define HAVE_SYS_TYPES_H 1
| #define HAVE_SYS_STAT_H 1
| #define HAVE_STDLIB_H 1
| #define HAVE_STRING_H 1
| #define HAVE_MEMORY_H 1
| #define HAVE_STRINGS_H 1
| #define HAVE_INTTYPES_H 1
| #define HAVE_STDINT_H 1
| #define HAVE_UNISTD_H 1
| #define HAVE_LIMITS_H 1
| #define STATIC_BUILD 1
| #define MODULE_SCOPE extern __attribute__((__visibility__("hidden")))
| #define TCL_SHLIB_EXT ".so"
| #define TCL_CFG_OPTIMIZED 1
| #define TCL_CFG_DEBUG 1
| #define _LARGEFILE64_SOURCE 1
| #define TCL_WIDE_INT_IS_LONG 1
| #define HAVE_SYS_TIME_H 1
| #define TIME_WITH_SYS_TIME 1
| /* end confdefs.h.  */
| #include <stdio.h>
| #ifdef HAVE_SYS_TYPES_H
| # include <sys/types.h>
| #endif
| #ifdef HAVE_SYS_STAT_H
| # include <sys/stat.h>
| #endif
| #ifdef STDC_HEADERS
| # include <stdlib.h>
| # include <stddef.h>
| #else
| # ifdef HAVE_STDLIB_H
| #  include <stdlib.h>
| # endif
| #endif
| #ifdef HAVE_STRING_H
| # if !defined STDC_HEADERS && defined HAVE_MEMORY_H
| #  include <memory.h>
| # endif
| # include <string.h>
| #endif
| #ifdef HAVE_STRINGS_H
| # include <strings.h>
| #endif
| #ifdef HAVE_INTTYPES_H
| # include <inttypes.h>
| #endif
| #ifdef HAVE_STDINT_H
| # include <stdint.h>
| #endif
| #ifdef HAVE_UNISTD_H
| # include <unistd.h>
| #endif
| int
| main ()
| {
| if (sizeof ((intptr_t)))
| 	    return 0;
|   ;
|   return 0;
| }
configure:7352: result: yes
configure:7403: checking for uintptr_t
configure:7403: gcc -c  -pipe  conftest.c >&5
configure:7403: $? = 0
configure:7403: gcc -c  -pipe  conftest.c >&5
conftest.c: In function 'main':
conftest.c:66:24: error: expected expression before ')' token
 if (sizeof ((uintptr_t)))
                        ^
configure:7403: $? = 1
configure: failed program was:
| /* confdefs.h */
| #define PACKAGE_NAME "tk"
| #define PACKAGE_TARNAME "tk"
| #define PACKAGE_VERSION "8.5"
| #define PACKAGE_STRING "tk 8.5"
| #define PACKAGE_BUGREPORT ""
| #define PACKAGE_URL ""
| #define STDC_HEADERS 1
| #define HAVE_SYS_TYPES_H 1
| #define HAVE_SYS_STAT_H 1
| #define HAVE_STDLIB_H 1
| #define HAVE_STRING_H 1
| #define HAVE_MEMORY_H 1
| #define HAVE_STRINGS_H 1
| #define HAVE_INTTYPES_H 1
| #define HAVE_STDINT_H 1
| #define HAVE_UNISTD_H 1
| #define HAVE_LIMITS_H 1
| #define STATIC_BUILD 1
| #define MODULE_SCOPE extern __attribute__((__visibility__("hidden")))
| #define TCL_SHLIB_EXT ".so"
| #define TCL_CFG_OPTIMIZED 1
| #define TCL_CFG_DEBUG 1
| #define _LARGEFILE64_SOURCE 1
| #define TCL_WIDE_INT_IS_LONG 1
| #define HAVE_SYS_TIME_H 1
| #define TIME_WITH_SYS_TIME 1
| #define HAVE_INTPTR_T 1
| /* end confdefs.h.  */
| #include <stdio.h>
| #ifdef HAVE_SYS_TYPES_H
| # include <sys/types.h>
| #endif
| #ifdef HAVE_SYS_STAT_H
| # include <sys/stat.h>
| #endif
| #ifdef STDC_HEADERS
| # include <stdlib.h>
| # include <stddef.h>
| #else
| # ifdef HAVE_STDLIB_H
| #  include <stdlib.h>
| # endif
| #endif
| #ifdef HAVE_STRING_H
| # if !defined STDC_HEADERS && defined HAVE_MEMORY_H
| #  include <memory.h>
| # endif
| # include <string.h>
| #endif
| #ifdef HAVE_STRINGS_H
| # include <strings.h>
| #endif
| #ifdef HAVE_INTTYPES_H
| # include <inttypes.h>
| #endif
| #ifdef HAVE_STDINT_H
| # include <stdint.h>
| #endif
| #ifdef HAVE_UNISTD_H
| # include <unistd.h>
| #endif
| int
| main ()
| {
| if (sizeof ((uintptr_t)))
| 	    return 0;
|   ;
|   return 0;
| }
configure:7403: result: yes
configure:7460: checking pw_gecos in struct pwd
configure:7477: gcc -c  -pipe  conftest.c >&5
configure:7477: $? = 0
configure:7484: result: yes
configure:7733: checking for X
configure:7841: gcc -E  conftest.c
configure:7841: $? = 0
configure:7872: gcc -o conftest  -pipe   -Wl,--export-dynamic  conftest.c -lX11  >&5
configure:7872: $? = 0
configure:7922: result: libraries , headers 
configure:7933: gcc -E  conftest.c
conftest.c:32:28: fatal error: X11/XIntrinsic.h: No such file or directory
compilation terminated.
configure:7933: $? = 1
configure: failed program was:
| /* confdefs.h */
| #define PACKAGE_NAME "tk"
| #define PACKAGE_TARNAME "tk"
| #define PACKAGE_VERSION "8.5"
| #define PACKAGE_STRING "tk 8.5"
| #define PACKAGE_BUGREPORT ""
| #define PACKAGE_URL ""
| #define STDC_HEADERS 1
| #define HAVE_SYS_TYPES_H 1
| #define HAVE_SYS_STAT_H 1
| #define HAVE_STDLIB_H 1
| #define HAVE_STRING_H 1
| #define HAVE_MEMORY_H 1
| #define HAVE_STRINGS_H 1
| #define HAVE_INTTYPES_H 1
| #define HAVE_STDINT_H 1
| #define HAVE_UNISTD_H 1
| #define HAVE_LIMITS_H 1
| #define STATIC_BUILD 1
| #define MODULE_SCOPE extern __attribute__((__visibility__("hidden")))
| #define TCL_SHLIB_EXT ".so"
| #define TCL_CFG_OPTIMIZED 1
| #define TCL_CFG_DEBUG 1
| #define _LARGEFILE64_SOURCE 1
| #define TCL_WIDE_INT_IS_LONG 1
| #define HAVE_SYS_TIME_H 1
| #define TIME_WITH_SYS_TIME 1
| #define HAVE_INTPTR_T 1
| #define HAVE_UINTPTR_T 1
| #define HAVE_PW_GECOS 1
| /* end confdefs.h.  */
| #include <X11/XIntrinsic.h>
configure:7946: checking for X11 header files
configure:7953: gcc -E  conftest.c
configure:7953: $? = 0
configure:8094: checking for main in -lXbsd
configure:8113: gcc -o conftest  -pipe   -Wl,--export-dynamic  conftest.c -lXbsd   >&5
/usr/bin/ld: cannot find -lXbsd
collect2: error: ld returned 1 exit status
configure:8113: $? = 1
configure: failed program was:
| /* confdefs.h */
| #define PACKAGE_NAME "tk"
| #define PACKAGE_TARNAME "tk"
| #define PACKAGE_VERSION "8.5"
| #define PACKAGE_STRING "tk 8.5"
| #define PACKAGE_BUGREPORT ""
| #define PACKAGE_URL ""
| #define STDC_HEADERS 1
| #define HAVE_SYS_TYPES_H 1
| #define HAVE_SYS_STAT_H 1
| #define HAVE_STDLIB_H 1
| #define HAVE_STRING_H 1
| #define HAVE_MEMORY_H 1
| #define HAVE_STRINGS_H 1
| #define HAVE_INTTYPES_H 1
| #define HAVE_STDINT_H 1
| #define HAVE_UNISTD_H 1
| #define HAVE_LIMITS_H 1
| #define STATIC_BUILD 1
| #define MODULE_SCOPE extern __attribute__((__visibility__("hidden")))
| #define TCL_SHLIB_EXT ".so"
| #define TCL_CFG_OPTIMIZED 1
| #define TCL_CFG_DEBUG 1
| #define _LARGEFILE64_SOURCE 1
| #define TCL_WIDE_INT_IS_LONG 1
| #define HAVE_SYS_TIME_H 1
| #define TIME_WITH_SYS_TIME 1
| #define HAVE_INTPTR_T 1
| #define HAVE_UINTPTR_T 1
| #define HAVE_PW_GECOS 1
| /* end confdefs.h.  */
| 
| 
| int
| main ()
| {
| return main ();
|   ;
|   return 0;
| }
configure:8122: result: no
configure:8193: checking whether to try to use XScreenSaver
configure:8203: result: no
configure:8335: checking whether to use xft
configure:8347: result: no
configure:8466: checking whether char is unsigned
configure:8485: gcc -c  -pipe  conftest.c >&5
configure:8485: $? = 0
configure:8492: result: no
configure:8886: creating ./config.status

## ---------------------- ##
## Running config.status. ##
## ---------------------- ##

This file was extended by tk config.status 8.5, which was
generated by GNU Autoconf 2.69.  Invocation command line was

  CONFIG_FILES    = 
  CONFIG_HEADERS  = 
  CONFIG_LINKS    = 
  CONFIG_COMMANDS = 
  $ ./config.status 

on yeaseen-GL552JX

config.status:827: creating Makefile
config.status:827: creating tkConfig.sh
configure:9915: WARNING: unrecognized options: --enable-gcc

## ---------------- ##
## Cache variables. ##
## ---------------- ##

ac_cv_c_bigendian=no
ac_cv_c_char_unsigned=no
ac_cv_c_compiler_gnu=yes
ac_cv_c_tclconfig=/home/yeaseen/ns-allinone-2.35/tcl8.5.10/unix
ac_cv_env_CC_set=
ac_cv_env_CC_value=
ac_cv_env_CFLAGS_set=
ac_cv_env_CFLAGS_value=
ac_cv_env_CPPFLAGS_set=
ac_cv_env_CPPFLAGS_value=
ac_cv_env_CPP_set=
ac_cv_env_CPP_value=
ac_cv_env_LDFLAGS_set=
ac_cv_env_LDFLAGS_value=
ac_cv_env_LIBS_set=
ac_cv_env_LIBS_value=
ac_cv_env_XMKMF_set=
ac_cv_env_XMKMF_value=
ac_cv_env_build_alias_set=
ac_cv_env_build_alias_value=
ac_cv_env_host_alias_set=
ac_cv_env_host_alias_value=
ac_cv_env_target_alias_set=
ac_cv_env_target_alias_value=
ac_cv_func_strtod=yes
ac_cv_have_x='have_x=yes	ac_x_includes='\'''\''	ac_x_libraries='\'''\'''
ac_cv_header_inttypes_h=yes
ac_cv_header_limits_h=yes
ac_cv_header_memory_h=yes
ac_cv_header_stdc=yes
ac_cv_header_stdint_h=yes
ac_cv_header_stdlib_h=yes
ac_cv_header_string_h=yes
ac_cv_header_strings_h=yes
ac_cv_header_sys_stat_h=yes
ac_cv_header_sys_time_h=yes
ac_cv_header_sys_types_h=yes
ac_cv_header_time=yes
ac_cv_header_unistd_h=yes
ac_cv_lib_Xbsd_main=no
ac_cv_lib_dl_dlopen=yes
ac_cv_objext=o
ac_cv_path_EGREP='/bin/grep -E'
ac_cv_path_GREP=/bin/grep
ac_cv_path_tclsh=/home/yeaseen/ns-allinone-2.35/bin/tclsh8.5
ac_cv_prog_CPP='gcc -E'
ac_cv_prog_ac_ct_AR=ar
ac_cv_prog_ac_ct_CC=gcc
ac_cv_prog_ac_ct_RANLIB=ranlib
ac_cv_prog_cc_c89=
ac_cv_prog_cc_g=yes
ac_cv_type_intptr_t=yes
ac_cv_type_mode_t=yes
ac_cv_type_pid_t=yes
ac_cv_type_size_t=yes
ac_cv_type_uid_t=yes
ac_cv_type_uintptr_t=yes
tcl_cv_cc_pipe=yes
tcl_cv_cc_visibility_hidden=yes
tcl_cv_flag__isoc99_source=no
tcl_cv_flag__largefile64_source=yes
tcl_cv_flag__largefile_source64=no
tcl_cv_pwd_pw_gecos=yes
tcl_cv_strtod_buggy=ok
tcl_cv_sys_version=Linux-4.4.0-116-generic
tcl_cv_type_64bit=none
tcl_cv_type_fd_set=yes

## ----------------- ##
## Output variables. ##
## ----------------- ##

APP_RSRC_FILE=''
AR='ar'
BUILD_TCLSH='/home/yeaseen/ns-allinone-2.35/tcl8.5.10/unix/tclsh'
CC='gcc'
CC_SEARCH_FLAGS='-Wl,-rpath,${LIB_RUNTIME_DIR}'
CFBUNDLELOCALIZATIONS=''
CFLAGS=' -pipe '
CFLAGS_DEBUG='-g'
CFLAGS_DEFAULT='$(CFLAGS_OPTIMIZE)'
CFLAGS_OPTIMIZE='-O2'
CFLAGS_WARNING='-Wall'
CPP='gcc -E'
CPPFLAGS=''
DEFS='-DPACKAGE_NAME=\"tk\" -DPACKAGE_TARNAME=\"tk\" -DPACKAGE_VERSION=\"8.5\" -DPACKAGE_STRING=\"tk\ 8.5\" -DPACKAGE_BUGREPORT=\"\" -DPACKAGE_URL=\"\" -DSTDC_HEADERS=1 -DHAVE_SYS_TYPES_H=1 -DHAVE_SYS_STAT_H=1 -DHAVE_STDLIB_H=1 -DHAVE_STRING_H=1 -DHAVE_MEMORY_H=1 -DHAVE_STRINGS_H=1 -DHAVE_INTTYPES_H=1 -DHAVE_STDINT_H=1 -DHAVE_UNISTD_H=1 -DHAVE_LIMITS_H=1 -DSTATIC_BUILD=1 -DMODULE_SCOPE=extern\ __attribute__\(\(__visibility__\(\"hidden\"\)\)\) -DTCL_SHLIB_EXT=\".so\" -DTCL_CFG_OPTIMIZED=1 -DTCL_CFG_DEBUG=1 -D_LARGEFILE64_SOURCE=1 -DTCL_WIDE_INT_IS_LONG=1 -DHAVE_SYS_TIME_H=1 -DTIME_WITH_SYS_TIME=1 -DHAVE_INTPTR_T=1 -DHAVE_UINTPTR_T=1 -DHAVE_PW_GECOS=1'
DL_LIBS='-ldl'
DL_OBJS='tclLoadDl.o'
ECHO_C=''
ECHO_N='-n'
ECHO_T=''
EGREP='/bin/grep -E'
EXEEXT=''
EXTRA_APP_CC_SWITCHES=''
EXTRA_BUILD_HTML=''
EXTRA_CC_SWITCHES=''
EXTRA_INSTALL=''
EXTRA_INSTALL_BINARIES=''
EXTRA_WISH_LIBS=''
GREP='/bin/grep'
HTML_DIR='$(DISTDIR)/html'
INSTALL_LIB='$(INSTALL_LIBRARY) $(LIB_FILE) "$(LIB_INSTALL_DIR)"/$(LIB_FILE) ; (cd "$(LIB_INSTALL_DIR)" ; $(RANLIB) $(LIB_FILE))'
INSTALL_STUB_LIB='$(INSTALL_LIBRARY) $(STUB_LIB_FILE) "$(LIB_INSTALL_DIR)"/$(STUB_LIB_FILE) ; (cd "$(LIB_INSTALL_DIR)" ; $(RANLIB) $(STUB_LIB_FILE))'
LDAIX_SRC=''
LDFLAGS=' -Wl,--export-dynamic '
LDFLAGS_DEBUG=''
LDFLAGS_DEFAULT='$(LDFLAGS_OPTIMIZE)'
LDFLAGS_OPTIMIZE=''
LD_LIBRARY_PATH_VAR='LD_LIBRARY_PATH'
LD_SEARCH_FLAGS='-Wl,-rpath,${LIB_RUNTIME_DIR}'
LIBOBJS=''
LIBS=''
LIB_RSRC_FILE=''
LOCALES='cs da de el en en_gb eo es fr hu it nl pl pt ru sv'
LTLIBOBJS=''
MAKE_LIB='${STLIB_LD} $@ ${OBJS} ; ${RANLIB} $@'
MAKE_STUB_LIB='${STLIB_LD} $@ ${STUB_LIB_OBJS} ; ${RANLIB} $@'
MAN_FLAGS=''
OBJEXT='o'
PACKAGE_BUGREPORT=''
PACKAGE_NAME='tk'
PACKAGE_STRING='tk 8.5'
PACKAGE_TARNAME='tk'
PACKAGE_URL=''
PACKAGE_VERSION='8.5'
PATH_SEPARATOR=':'
PLAT_OBJS=''
PLAT_SRCS=''
PRIVATE_INCLUDE_DIR='$(includedir)'
RANLIB='ranlib'
REZ=''
REZ_FLAGS=''
SHELL='/bin/bash'
SHLIB_CFLAGS='-fPIC'
SHLIB_LD='${CC} -shared ${CFLAGS} ${LDFLAGS}'
SHLIB_LD_LIBS='${LIBS}'
SHLIB_SUFFIX='.so'
STLIB_LD='${AR} cr'
TCLSH_PROG='/home/yeaseen/ns-allinone-2.35/bin/tclsh8.5'
TCL_BIN_DIR='/home/yeaseen/ns-allinone-2.35/tcl8.5.10/unix'
TCL_LIBS='-ldl  -lieee -lm'
TCL_LIB_FILE='libtcl8.5.a'
TCL_LIB_FLAG='-ltcl8.5'
TCL_LIB_SPEC='-L/home/yeaseen/ns-allinone-2.35/tcl8.5.10/unix -ltcl8.5'
TCL_PATCH_LEVEL='.10'
TCL_SHLIB_LD_EXTRAS=''
TCL_SRC_DIR='/home/yeaseen/ns-allinone-2.35/tcl8.5.10'
TCL_STUB_FLAGS=''
TCL_STUB_LIB_FILE='libtclstub8.5.a'
TCL_STUB_LIB_FLAG='-ltclstub8.5'
TCL_STUB_LIB_SPEC='-L/home/yeaseen/ns-allinone-2.35/tcl8.5.10/unix -ltclstub8.5'
TCL_THREADS='0'
TCL_VERSION='8.5'
TK_BUILD_LIB_SPEC='-L/home/yeaseen/ns-allinone-2.35/tk8.5.10/unix -ltk8.5'
TK_BUILD_STUB_LIB_PATH='/home/yeaseen/ns-allinone-2.35/tk8.5.10/unix/libtkstub8.5.a'
TK_BUILD_STUB_LIB_SPEC='-L/home/yeaseen/ns-allinone-2.35/tk8.5.10/unix -ltkstub8.5'
TK_INCLUDE_SPEC='-I/home/yeaseen/ns-allinone-2.35/include'
TK_LIBRARY='$(prefix)/lib/tk$(VERSION)'
TK_LIB_FILE='libtk8.5.a'
TK_LIB_FLAG='-ltk8.5'
TK_LIB_SPEC='-L/home/yeaseen/ns-allinone-2.35/lib -ltk8.5'
TK_MAJOR_VERSION='8'
TK_MINOR_VERSION='5'
TK_PATCH_LEVEL='.10'
TK_PKG_DIR='tk$(VERSION)'
TK_RSRC_FILE='tk$(VERSION).rsrc'
TK_SHARED_BUILD='0'
TK_SHLIB_LD_EXTRAS=''
TK_SRC_DIR='/home/yeaseen/ns-allinone-2.35/tk8.5.10'
TK_STUB_LIB_FILE='libtkstub8.5.a'
TK_STUB_LIB_FLAG='-ltkstub8.5'
TK_STUB_LIB_PATH='/home/yeaseen/ns-allinone-2.35/lib/libtkstub8.5.a'
TK_STUB_LIB_SPEC='-L/home/yeaseen/ns-allinone-2.35/lib -ltkstub8.5'
TK_VERSION='8.5'
TK_WINDOWINGSYSTEM='X11'
TK_YEAR=''
UNIX_FONT_OBJS='tkUnixFont.o'
WISH_RSRC_FILE='wish$(VERSION).rsrc'
XFT_CFLAGS=''
XFT_LIBS=''
XINCLUDES=''
XLIBSW='-lX11'
XMKMF=''
ac_ct_CC='gcc'
bindir='${exec_prefix}/bin'
build_alias=''
datadir='${datarootdir}'
datarootdir='${prefix}/share'
docdir='${datarootdir}/doc/${PACKAGE_TARNAME}'
dvidir='${docdir}'
exec_prefix='/home/yeaseen/ns-allinone-2.35'
host_alias=''
htmldir='${docdir}'
includedir='${prefix}/include'
infodir='${datarootdir}/info'
libdir='/home/yeaseen/ns-allinone-2.35/lib'
libexecdir='${exec_prefix}/libexec'
localedir='${datarootdir}/locale'
localstatedir='${prefix}/var'
mandir='${datarootdir}/man'
oldincludedir='/usr/include'
pdfdir='${docdir}'
prefix='/home/yeaseen/ns-allinone-2.35'
program_transform_name='s,x,x,'
psdir='${docdir}'
runstatedir='${localstatedir}/run'
sbindir='${exec_prefix}/sbin'
sharedstatedir='${prefix}/com'
sysconfdir='${prefix}/etc'
target_alias=''

## ----------- ##
## confdefs.h. ##
## ----------- ##

/* confdefs.h */
#define PACKAGE_NAME "tk"
#define PACKAGE_TARNAME "tk"
#define PACKAGE_VERSION "8.5"
#define PACKAGE_STRING "tk 8.5"
#define PACKAGE_BUGREPORT ""
#define PACKAGE_URL ""
#define STDC_HEADERS 1
#define HAVE_SYS_TYPES_H 1
#define HAVE_SYS_STAT_H 1
#define HAVE_STDLIB_H 1
#define HAVE_STRING_H 1
#define HAVE_MEMORY_H 1
#define HAVE_STRINGS_H 1
#define HAVE_INTTYPES_H 1
#define HAVE_STDINT_H 1
#define HAVE_UNISTD_H 1
#define HAVE_LIMITS_H 1
#define STATIC_BUILD 1
#define MODULE_SCOPE extern __attribute__((__visibility__("hidden")))
#define TCL_SHLIB_EXT ".so"
#define TCL_CFG_OPTIMIZED 1
#define TCL_CFG_DEBUG 1
#define _LARGEFILE64_SOURCE 1
#define TCL_WIDE_INT_IS_LONG 1
#define HAVE_SYS_TIME_H 1
#define TIME_WITH_SYS_TIME 1
#define HAVE_INTPTR_T 1
#define HAVE_UINTPTR_T 1
#define HAVE_PW_GECOS 1

configure: exit 0
